2023-10-31 16:20:02 - Starting C:\Program Files\nodejs\node.exe  --harmony E:\Projects\ishkirty_backend\node_modules\node-windows\lib\wrapper.js --file E:\Projects\ishkirty_backend\server.js --scriptoptions= --log "Ishkirti Food wrapper" --grow 0.25 --wait 1 --maxrestarts 3 --abortonerror n --stopparentfirst undefined
2023-10-31 16:20:02 - Started 24124
2023-11-01 06:07:30 - Stopping ishkirtifood.exe
2023-11-01 06:07:30 - ProcessKill 24124
2023-11-01 06:07:31 - Found child process: 21864 Name: conhost.exe
2023-11-01 06:07:31 - Found child process: 32300 Name: node.exe
2023-11-01 06:07:31 - Stopping process 21864
2023-11-01 06:07:31 - Send SIGINT 21864
2023-11-01 06:07:31 - SIGINT to 21864 failed - Killing as fallback
2023-11-01 06:07:31 - Stopping process 32300
2023-11-01 06:07:31 - Send SIGINT 32300
2023-11-01 06:07:31 - SIGINT to 32300 failed - Killing as fallback
2023-11-01 06:07:31 - Stopping process 24124
2023-11-01 06:07:31 - Send SIGINT 24124
2023-11-01 06:07:31 - SIGINT to 24124 failed - Killing as fallback
2023-11-01 06:07:31 - Finished ishkirtifood.exe
2023-11-01 06:07:32 - Starting C:\Program Files\nodejs\node.exe  --harmony E:\Projects\ishkirty_backend\node_modules\node-windows\lib\wrapper.js --file E:\Projects\ishkirty_backend\server.js --scriptoptions= --log "Ishkirti Food wrapper" --grow 0.25 --wait 1 --maxrestarts 3 --abortonerror n --stopparentfirst undefined
2023-11-01 06:07:32 - Started 23860
2023-11-01 06:08:24 - Stopping ishkirtifood.exe
2023-11-01 06:08:24 - ProcessKill 23860
2023-11-01 06:08:24 - Found child process: 25464 Name: conhost.exe
2023-11-01 06:08:24 - Found child process: 26812 Name: node.exe
2023-11-01 06:08:25 - Stopping process 25464
2023-11-01 06:08:25 - Send SIGINT 25464
2023-11-01 06:08:25 - SIGINT to 25464 failed - Killing as fallback
2023-11-01 06:08:25 - Stopping process 26812
2023-11-01 06:08:25 - Send SIGINT 26812
2023-11-01 06:08:25 - SIGINT to 26812 failed - Killing as fallback
2023-11-01 06:08:25 - Stopping process 23860
2023-11-01 06:08:25 - Send SIGINT 23860
2023-11-01 06:08:25 - SIGINT to 23860 failed - Killing as fallback
2023-11-01 06:08:25 - Finished ishkirtifood.exe
